[2023-07-05T13:43:35.658+0000] {processor.py:157} INFO - Started process (PID=39) to work on /opt/airflow/dags/exercise16.py
[2023-07-05T13:43:35.659+0000] {processor.py:826} INFO - Processing file /opt/airflow/dags/exercise16.py for tasks to queue
[2023-07-05T13:43:35.664+0000] {logging_mixin.py:149} INFO - [2023-07-05T13:43:35.664+0000] {dagbag.py:541} INFO - Filling up the DagBag from /opt/airflow/dags/exercise16.py
[2023-07-05T13:43:35.693+0000] {processor.py:836} INFO - DAG(s) dict_keys(['exercise16']) retrieved from /opt/airflow/dags/exercise16.py
[2023-07-05T13:43:35.908+0000] {logging_mixin.py:149} INFO - [2023-07-05T13:43:35.907+0000] {manager.py:504} INFO - Created Permission View: can delete on DAG:exercise16
[2023-07-05T13:43:35.927+0000] {logging_mixin.py:149} INFO - [2023-07-05T13:43:35.927+0000] {manager.py:504} INFO - Created Permission View: can read on DAG:exercise16
[2023-07-05T13:43:35.947+0000] {logging_mixin.py:149} INFO - [2023-07-05T13:43:35.947+0000] {manager.py:504} INFO - Created Permission View: can edit on DAG:exercise16
[2023-07-05T13:43:35.972+0000] {logging_mixin.py:149} INFO - [2023-07-05T13:43:35.971+0000] {dag.py:2726} INFO - Sync 1 DAGs
[2023-07-05T13:43:35.996+0000] {logging_mixin.py:149} INFO - [2023-07-05T13:43:35.995+0000] {dag.py:2747} INFO - Creating ORM DAG for exercise16
[2023-07-05T13:43:36.014+0000] {logging_mixin.py:149} INFO - [2023-07-05T13:43:36.014+0000] {dag.py:3490} INFO - Setting next_dagrun for exercise16 to None, run_after=None
[2023-07-05T13:43:36.045+0000] {processor.py:179} INFO - Processing /opt/airflow/dags/exercise16.py took 0.392 seconds
[2023-07-05T13:44:06.292+0000] {processor.py:157} INFO - Started process (PID=56) to work on /opt/airflow/dags/exercise16.py
[2023-07-05T13:44:06.295+0000] {processor.py:826} INFO - Processing file /opt/airflow/dags/exercise16.py for tasks to queue
[2023-07-05T13:44:06.300+0000] {logging_mixin.py:149} INFO - [2023-07-05T13:44:06.300+0000] {dagbag.py:541} INFO - Filling up the DagBag from /opt/airflow/dags/exercise16.py
[2023-07-05T13:44:06.319+0000] {processor.py:836} INFO - DAG(s) dict_keys(['exercise16']) retrieved from /opt/airflow/dags/exercise16.py
[2023-07-05T13:44:06.367+0000] {logging_mixin.py:149} INFO - [2023-07-05T13:44:06.366+0000] {dag.py:2726} INFO - Sync 1 DAGs
[2023-07-05T13:44:06.402+0000] {logging_mixin.py:149} INFO - [2023-07-05T13:44:06.402+0000] {dag.py:3490} INFO - Setting next_dagrun for exercise16 to None, run_after=None
[2023-07-05T13:44:06.427+0000] {processor.py:179} INFO - Processing /opt/airflow/dags/exercise16.py took 0.142 seconds
[2023-07-05T13:44:36.528+0000] {processor.py:157} INFO - Started process (PID=74) to work on /opt/airflow/dags/exercise16.py
[2023-07-05T13:44:36.530+0000] {processor.py:826} INFO - Processing file /opt/airflow/dags/exercise16.py for tasks to queue
[2023-07-05T13:44:36.533+0000] {logging_mixin.py:149} INFO - [2023-07-05T13:44:36.533+0000] {dagbag.py:541} INFO - Filling up the DagBag from /opt/airflow/dags/exercise16.py
[2023-07-05T13:44:36.554+0000] {processor.py:836} INFO - DAG(s) dict_keys(['exercise16']) retrieved from /opt/airflow/dags/exercise16.py
[2023-07-05T13:44:36.594+0000] {logging_mixin.py:149} INFO - [2023-07-05T13:44:36.594+0000] {dag.py:2726} INFO - Sync 1 DAGs
[2023-07-05T13:44:36.626+0000] {logging_mixin.py:149} INFO - [2023-07-05T13:44:36.626+0000] {dag.py:3490} INFO - Setting next_dagrun for exercise16 to None, run_after=None
[2023-07-05T13:44:36.654+0000] {processor.py:179} INFO - Processing /opt/airflow/dags/exercise16.py took 0.129 seconds
[2023-07-05T13:45:06.712+0000] {processor.py:157} INFO - Started process (PID=91) to work on /opt/airflow/dags/exercise16.py
[2023-07-05T13:45:06.714+0000] {processor.py:826} INFO - Processing file /opt/airflow/dags/exercise16.py for tasks to queue
[2023-07-05T13:45:06.716+0000] {logging_mixin.py:149} INFO - [2023-07-05T13:45:06.716+0000] {dagbag.py:541} INFO - Filling up the DagBag from /opt/airflow/dags/exercise16.py
[2023-07-05T13:45:06.733+0000] {processor.py:836} INFO - DAG(s) dict_keys(['exercise16']) retrieved from /opt/airflow/dags/exercise16.py
[2023-07-05T13:45:06.772+0000] {logging_mixin.py:149} INFO - [2023-07-05T13:45:06.771+0000] {dag.py:2726} INFO - Sync 1 DAGs
[2023-07-05T13:45:06.810+0000] {logging_mixin.py:149} INFO - [2023-07-05T13:45:06.810+0000] {dag.py:3490} INFO - Setting next_dagrun for exercise16 to None, run_after=None
[2023-07-05T13:45:06.837+0000] {processor.py:179} INFO - Processing /opt/airflow/dags/exercise16.py took 0.130 seconds
[2023-07-05T13:45:36.928+0000] {processor.py:157} INFO - Started process (PID=108) to work on /opt/airflow/dags/exercise16.py
[2023-07-05T13:45:36.931+0000] {processor.py:826} INFO - Processing file /opt/airflow/dags/exercise16.py for tasks to queue
[2023-07-05T13:45:36.936+0000] {logging_mixin.py:149} INFO - [2023-07-05T13:45:36.936+0000] {dagbag.py:541} INFO - Filling up the DagBag from /opt/airflow/dags/exercise16.py
[2023-07-05T13:45:36.959+0000] {processor.py:836} INFO - DAG(s) dict_keys(['exercise16']) retrieved from /opt/airflow/dags/exercise16.py
[2023-07-05T13:45:37.003+0000] {logging_mixin.py:149} INFO - [2023-07-05T13:45:37.002+0000] {dag.py:2726} INFO - Sync 1 DAGs
[2023-07-05T13:45:37.042+0000] {logging_mixin.py:149} INFO - [2023-07-05T13:45:37.042+0000] {dag.py:3490} INFO - Setting next_dagrun for exercise16 to None, run_after=None
[2023-07-05T13:45:37.072+0000] {processor.py:179} INFO - Processing /opt/airflow/dags/exercise16.py took 0.151 seconds
[2023-07-05T13:46:07.308+0000] {processor.py:157} INFO - Started process (PID=127) to work on /opt/airflow/dags/exercise16.py
[2023-07-05T13:46:07.310+0000] {processor.py:826} INFO - Processing file /opt/airflow/dags/exercise16.py for tasks to queue
[2023-07-05T13:46:07.312+0000] {logging_mixin.py:149} INFO - [2023-07-05T13:46:07.312+0000] {dagbag.py:541} INFO - Filling up the DagBag from /opt/airflow/dags/exercise16.py
[2023-07-05T13:46:07.330+0000] {processor.py:836} INFO - DAG(s) dict_keys(['exercise16']) retrieved from /opt/airflow/dags/exercise16.py
[2023-07-05T13:46:07.371+0000] {logging_mixin.py:149} INFO - [2023-07-05T13:46:07.370+0000] {dag.py:2726} INFO - Sync 1 DAGs
[2023-07-05T13:46:07.402+0000] {logging_mixin.py:149} INFO - [2023-07-05T13:46:07.402+0000] {dag.py:3490} INFO - Setting next_dagrun for exercise16 to None, run_after=None
[2023-07-05T13:46:07.434+0000] {processor.py:179} INFO - Processing /opt/airflow/dags/exercise16.py took 0.132 seconds
[2023-07-05T13:46:37.538+0000] {processor.py:157} INFO - Started process (PID=145) to work on /opt/airflow/dags/exercise16.py
[2023-07-05T13:46:37.539+0000] {processor.py:826} INFO - Processing file /opt/airflow/dags/exercise16.py for tasks to queue
[2023-07-05T13:46:37.542+0000] {logging_mixin.py:149} INFO - [2023-07-05T13:46:37.542+0000] {dagbag.py:541} INFO - Filling up the DagBag from /opt/airflow/dags/exercise16.py
[2023-07-05T13:46:37.557+0000] {processor.py:836} INFO - DAG(s) dict_keys(['exercise16']) retrieved from /opt/airflow/dags/exercise16.py
[2023-07-05T13:46:37.594+0000] {logging_mixin.py:149} INFO - [2023-07-05T13:46:37.594+0000] {dag.py:2726} INFO - Sync 1 DAGs
[2023-07-05T13:46:37.623+0000] {logging_mixin.py:149} INFO - [2023-07-05T13:46:37.623+0000] {dag.py:3490} INFO - Setting next_dagrun for exercise16 to None, run_after=None
[2023-07-05T13:46:37.650+0000] {processor.py:179} INFO - Processing /opt/airflow/dags/exercise16.py took 0.115 seconds
[2023-07-05T13:47:07.769+0000] {processor.py:157} INFO - Started process (PID=162) to work on /opt/airflow/dags/exercise16.py
[2023-07-05T13:47:07.771+0000] {processor.py:826} INFO - Processing file /opt/airflow/dags/exercise16.py for tasks to queue
[2023-07-05T13:47:07.778+0000] {logging_mixin.py:149} INFO - [2023-07-05T13:47:07.777+0000] {dagbag.py:541} INFO - Filling up the DagBag from /opt/airflow/dags/exercise16.py
[2023-07-05T13:47:07.797+0000] {processor.py:836} INFO - DAG(s) dict_keys(['exercise16']) retrieved from /opt/airflow/dags/exercise16.py
[2023-07-05T13:47:07.840+0000] {logging_mixin.py:149} INFO - [2023-07-05T13:47:07.839+0000] {dag.py:2726} INFO - Sync 1 DAGs
[2023-07-05T13:47:07.880+0000] {logging_mixin.py:149} INFO - [2023-07-05T13:47:07.879+0000] {dag.py:3490} INFO - Setting next_dagrun for exercise16 to None, run_after=None
[2023-07-05T13:47:07.915+0000] {processor.py:179} INFO - Processing /opt/airflow/dags/exercise16.py took 0.153 seconds
