[2023-07-05T13:43:33.719+0000] {processor.py:157} INFO - Started process (PID=32) to work on /opt/airflow/dags/hello_with_parameters_dag.py
[2023-07-05T13:43:33.722+0000] {processor.py:826} INFO - Processing file /opt/airflow/dags/hello_with_parameters_dag.py for tasks to queue
[2023-07-05T13:43:33.725+0000] {logging_mixin.py:149} INFO - [2023-07-05T13:43:33.724+0000] {dagbag.py:541} INFO - Filling up the DagBag from /opt/airflow/dags/hello_with_parameters_dag.py
[2023-07-05T13:43:33.762+0000] {processor.py:836} INFO - DAG(s) dict_keys(['hello_with_parameters_dag']) retrieved from /opt/airflow/dags/hello_with_parameters_dag.py
[2023-07-05T13:43:34.116+0000] {logging_mixin.py:149} INFO - [2023-07-05T13:43:34.116+0000] {manager.py:504} INFO - Created Permission View: can delete on DAG:hello_with_parameters_dag
[2023-07-05T13:43:34.148+0000] {logging_mixin.py:149} INFO - [2023-07-05T13:43:34.148+0000] {manager.py:504} INFO - Created Permission View: can read on DAG:hello_with_parameters_dag
[2023-07-05T13:43:34.170+0000] {logging_mixin.py:149} INFO - [2023-07-05T13:43:34.169+0000] {manager.py:504} INFO - Created Permission View: can edit on DAG:hello_with_parameters_dag
[2023-07-05T13:43:34.205+0000] {logging_mixin.py:149} INFO - [2023-07-05T13:43:34.205+0000] {dag.py:2726} INFO - Sync 1 DAGs
[2023-07-05T13:43:34.231+0000] {logging_mixin.py:149} INFO - [2023-07-05T13:43:34.230+0000] {dag.py:2747} INFO - Creating ORM DAG for hello_with_parameters_dag
[2023-07-05T13:43:34.256+0000] {logging_mixin.py:149} INFO - [2023-07-05T13:43:34.256+0000] {dag.py:3490} INFO - Setting next_dagrun for hello_with_parameters_dag to None, run_after=None
[2023-07-05T13:43:34.367+0000] {processor.py:179} INFO - Processing /opt/airflow/dags/hello_with_parameters_dag.py took 0.673 seconds
[2023-07-05T13:44:04.466+0000] {processor.py:157} INFO - Started process (PID=49) to work on /opt/airflow/dags/hello_with_parameters_dag.py
[2023-07-05T13:44:04.468+0000] {processor.py:826} INFO - Processing file /opt/airflow/dags/hello_with_parameters_dag.py for tasks to queue
[2023-07-05T13:44:04.471+0000] {logging_mixin.py:149} INFO - [2023-07-05T13:44:04.471+0000] {dagbag.py:541} INFO - Filling up the DagBag from /opt/airflow/dags/hello_with_parameters_dag.py
[2023-07-05T13:44:04.485+0000] {processor.py:836} INFO - DAG(s) dict_keys(['hello_with_parameters_dag']) retrieved from /opt/airflow/dags/hello_with_parameters_dag.py
[2023-07-05T13:44:04.524+0000] {logging_mixin.py:149} INFO - [2023-07-05T13:44:04.524+0000] {dag.py:2726} INFO - Sync 1 DAGs
[2023-07-05T13:44:04.553+0000] {logging_mixin.py:149} INFO - [2023-07-05T13:44:04.553+0000] {dag.py:3490} INFO - Setting next_dagrun for hello_with_parameters_dag to None, run_after=None
[2023-07-05T13:44:04.577+0000] {processor.py:179} INFO - Processing /opt/airflow/dags/hello_with_parameters_dag.py took 0.118 seconds
[2023-07-05T13:44:34.734+0000] {processor.py:157} INFO - Started process (PID=67) to work on /opt/airflow/dags/hello_with_parameters_dag.py
[2023-07-05T13:44:34.738+0000] {processor.py:826} INFO - Processing file /opt/airflow/dags/hello_with_parameters_dag.py for tasks to queue
[2023-07-05T13:44:34.760+0000] {logging_mixin.py:149} INFO - [2023-07-05T13:44:34.760+0000] {dagbag.py:541} INFO - Filling up the DagBag from /opt/airflow/dags/hello_with_parameters_dag.py
[2023-07-05T13:44:34.782+0000] {processor.py:836} INFO - DAG(s) dict_keys(['hello_with_parameters_dag']) retrieved from /opt/airflow/dags/hello_with_parameters_dag.py
[2023-07-05T13:44:34.828+0000] {logging_mixin.py:149} INFO - [2023-07-05T13:44:34.827+0000] {dag.py:2726} INFO - Sync 1 DAGs
[2023-07-05T13:44:34.872+0000] {logging_mixin.py:149} INFO - [2023-07-05T13:44:34.872+0000] {dag.py:3490} INFO - Setting next_dagrun for hello_with_parameters_dag to None, run_after=None
[2023-07-05T13:44:34.911+0000] {processor.py:179} INFO - Processing /opt/airflow/dags/hello_with_parameters_dag.py took 0.186 seconds
[2023-07-05T13:45:04.958+0000] {processor.py:157} INFO - Started process (PID=84) to work on /opt/airflow/dags/hello_with_parameters_dag.py
[2023-07-05T13:45:04.959+0000] {processor.py:826} INFO - Processing file /opt/airflow/dags/hello_with_parameters_dag.py for tasks to queue
[2023-07-05T13:45:04.963+0000] {logging_mixin.py:149} INFO - [2023-07-05T13:45:04.963+0000] {dagbag.py:541} INFO - Filling up the DagBag from /opt/airflow/dags/hello_with_parameters_dag.py
[2023-07-05T13:45:04.976+0000] {processor.py:836} INFO - DAG(s) dict_keys(['hello_with_parameters_dag']) retrieved from /opt/airflow/dags/hello_with_parameters_dag.py
[2023-07-05T13:45:05.012+0000] {logging_mixin.py:149} INFO - [2023-07-05T13:45:05.011+0000] {dag.py:2726} INFO - Sync 1 DAGs
[2023-07-05T13:45:05.041+0000] {logging_mixin.py:149} INFO - [2023-07-05T13:45:05.041+0000] {dag.py:3490} INFO - Setting next_dagrun for hello_with_parameters_dag to None, run_after=None
[2023-07-05T13:45:05.066+0000] {processor.py:179} INFO - Processing /opt/airflow/dags/hello_with_parameters_dag.py took 0.112 seconds
[2023-07-05T13:45:35.213+0000] {processor.py:157} INFO - Started process (PID=101) to work on /opt/airflow/dags/hello_with_parameters_dag.py
[2023-07-05T13:45:35.215+0000] {processor.py:826} INFO - Processing file /opt/airflow/dags/hello_with_parameters_dag.py for tasks to queue
[2023-07-05T13:45:35.218+0000] {logging_mixin.py:149} INFO - [2023-07-05T13:45:35.218+0000] {dagbag.py:541} INFO - Filling up the DagBag from /opt/airflow/dags/hello_with_parameters_dag.py
[2023-07-05T13:45:35.231+0000] {processor.py:836} INFO - DAG(s) dict_keys(['hello_with_parameters_dag']) retrieved from /opt/airflow/dags/hello_with_parameters_dag.py
[2023-07-05T13:45:35.270+0000] {logging_mixin.py:149} INFO - [2023-07-05T13:45:35.269+0000] {dag.py:2726} INFO - Sync 1 DAGs
[2023-07-05T13:45:35.314+0000] {logging_mixin.py:149} INFO - [2023-07-05T13:45:35.314+0000] {dag.py:3490} INFO - Setting next_dagrun for hello_with_parameters_dag to None, run_after=None
[2023-07-05T13:45:35.340+0000] {processor.py:179} INFO - Processing /opt/airflow/dags/hello_with_parameters_dag.py took 0.132 seconds
[2023-07-05T13:46:05.500+0000] {processor.py:157} INFO - Started process (PID=120) to work on /opt/airflow/dags/hello_with_parameters_dag.py
[2023-07-05T13:46:05.502+0000] {processor.py:826} INFO - Processing file /opt/airflow/dags/hello_with_parameters_dag.py for tasks to queue
[2023-07-05T13:46:05.506+0000] {logging_mixin.py:149} INFO - [2023-07-05T13:46:05.505+0000] {dagbag.py:541} INFO - Filling up the DagBag from /opt/airflow/dags/hello_with_parameters_dag.py
[2023-07-05T13:46:05.518+0000] {processor.py:836} INFO - DAG(s) dict_keys(['hello_with_parameters_dag']) retrieved from /opt/airflow/dags/hello_with_parameters_dag.py
[2023-07-05T13:46:05.555+0000] {logging_mixin.py:149} INFO - [2023-07-05T13:46:05.553+0000] {dag.py:2726} INFO - Sync 1 DAGs
[2023-07-05T13:46:05.592+0000] {logging_mixin.py:149} INFO - [2023-07-05T13:46:05.591+0000] {dag.py:3490} INFO - Setting next_dagrun for hello_with_parameters_dag to None, run_after=None
[2023-07-05T13:46:05.625+0000] {processor.py:179} INFO - Processing /opt/airflow/dags/hello_with_parameters_dag.py took 0.130 seconds
[2023-07-05T13:46:35.722+0000] {processor.py:157} INFO - Started process (PID=138) to work on /opt/airflow/dags/hello_with_parameters_dag.py
[2023-07-05T13:46:35.724+0000] {processor.py:826} INFO - Processing file /opt/airflow/dags/hello_with_parameters_dag.py for tasks to queue
[2023-07-05T13:46:35.728+0000] {logging_mixin.py:149} INFO - [2023-07-05T13:46:35.728+0000] {dagbag.py:541} INFO - Filling up the DagBag from /opt/airflow/dags/hello_with_parameters_dag.py
[2023-07-05T13:46:35.743+0000] {processor.py:836} INFO - DAG(s) dict_keys(['hello_with_parameters_dag']) retrieved from /opt/airflow/dags/hello_with_parameters_dag.py
[2023-07-05T13:46:35.787+0000] {logging_mixin.py:149} INFO - [2023-07-05T13:46:35.786+0000] {dag.py:2726} INFO - Sync 1 DAGs
[2023-07-05T13:46:35.820+0000] {logging_mixin.py:149} INFO - [2023-07-05T13:46:35.819+0000] {dag.py:3490} INFO - Setting next_dagrun for hello_with_parameters_dag to None, run_after=None
[2023-07-05T13:46:35.847+0000] {processor.py:179} INFO - Processing /opt/airflow/dags/hello_with_parameters_dag.py took 0.131 seconds
[2023-07-05T13:47:05.931+0000] {processor.py:157} INFO - Started process (PID=155) to work on /opt/airflow/dags/hello_with_parameters_dag.py
[2023-07-05T13:47:05.933+0000] {processor.py:826} INFO - Processing file /opt/airflow/dags/hello_with_parameters_dag.py for tasks to queue
[2023-07-05T13:47:05.937+0000] {logging_mixin.py:149} INFO - [2023-07-05T13:47:05.937+0000] {dagbag.py:541} INFO - Filling up the DagBag from /opt/airflow/dags/hello_with_parameters_dag.py
[2023-07-05T13:47:05.951+0000] {processor.py:836} INFO - DAG(s) dict_keys(['hello_with_parameters_dag']) retrieved from /opt/airflow/dags/hello_with_parameters_dag.py
[2023-07-05T13:47:05.992+0000] {logging_mixin.py:149} INFO - [2023-07-05T13:47:05.992+0000] {dag.py:2726} INFO - Sync 1 DAGs
[2023-07-05T13:47:06.023+0000] {logging_mixin.py:149} INFO - [2023-07-05T13:47:06.023+0000] {dag.py:3490} INFO - Setting next_dagrun for hello_with_parameters_dag to None, run_after=None
[2023-07-05T13:47:06.070+0000] {processor.py:179} INFO - Processing /opt/airflow/dags/hello_with_parameters_dag.py took 0.144 seconds
