[2023-07-05T13:43:34.776+0000] {processor.py:157} INFO - Started process (PID=35) to work on /opt/airflow/dags/hello_operator.py
[2023-07-05T13:43:34.778+0000] {processor.py:826} INFO - Processing file /opt/airflow/dags/hello_operator.py for tasks to queue
[2023-07-05T13:43:34.781+0000] {logging_mixin.py:149} INFO - [2023-07-05T13:43:34.780+0000] {dagbag.py:541} INFO - Filling up the DagBag from /opt/airflow/dags/hello_operator.py
[2023-07-05T13:43:34.806+0000] {processor.py:836} INFO - DAG(s) dict_keys(['hello_operator_dag']) retrieved from /opt/airflow/dags/hello_operator.py
[2023-07-05T13:43:35.016+0000] {logging_mixin.py:149} INFO - [2023-07-05T13:43:35.016+0000] {manager.py:504} INFO - Created Permission View: can delete on DAG:hello_operator_dag
[2023-07-05T13:43:35.042+0000] {logging_mixin.py:149} INFO - [2023-07-05T13:43:35.042+0000] {manager.py:504} INFO - Created Permission View: can read on DAG:hello_operator_dag
[2023-07-05T13:43:35.056+0000] {logging_mixin.py:149} INFO - [2023-07-05T13:43:35.056+0000] {manager.py:504} INFO - Created Permission View: can edit on DAG:hello_operator_dag
[2023-07-05T13:43:35.078+0000] {logging_mixin.py:149} INFO - [2023-07-05T13:43:35.078+0000] {dag.py:2726} INFO - Sync 1 DAGs
[2023-07-05T13:43:35.102+0000] {logging_mixin.py:149} INFO - [2023-07-05T13:43:35.101+0000] {dag.py:2747} INFO - Creating ORM DAG for hello_operator_dag
[2023-07-05T13:43:35.117+0000] {logging_mixin.py:149} INFO - [2023-07-05T13:43:35.117+0000] {dag.py:3490} INFO - Setting next_dagrun for hello_operator_dag to None, run_after=None
[2023-07-05T13:43:35.146+0000] {processor.py:179} INFO - Processing /opt/airflow/dags/hello_operator.py took 0.375 seconds
[2023-07-05T13:44:05.769+0000] {processor.py:157} INFO - Started process (PID=52) to work on /opt/airflow/dags/hello_operator.py
[2023-07-05T13:44:05.771+0000] {processor.py:826} INFO - Processing file /opt/airflow/dags/hello_operator.py for tasks to queue
[2023-07-05T13:44:05.775+0000] {logging_mixin.py:149} INFO - [2023-07-05T13:44:05.774+0000] {dagbag.py:541} INFO - Filling up the DagBag from /opt/airflow/dags/hello_operator.py
[2023-07-05T13:44:05.788+0000] {processor.py:836} INFO - DAG(s) dict_keys(['hello_operator_dag']) retrieved from /opt/airflow/dags/hello_operator.py
[2023-07-05T13:44:05.835+0000] {logging_mixin.py:149} INFO - [2023-07-05T13:44:05.835+0000] {dag.py:2726} INFO - Sync 1 DAGs
[2023-07-05T13:44:05.866+0000] {logging_mixin.py:149} INFO - [2023-07-05T13:44:05.866+0000] {dag.py:3490} INFO - Setting next_dagrun for hello_operator_dag to None, run_after=None
[2023-07-05T13:44:05.914+0000] {processor.py:179} INFO - Processing /opt/airflow/dags/hello_operator.py took 0.148 seconds
[2023-07-05T13:44:36.095+0000] {processor.py:157} INFO - Started process (PID=70) to work on /opt/airflow/dags/hello_operator.py
[2023-07-05T13:44:36.098+0000] {processor.py:826} INFO - Processing file /opt/airflow/dags/hello_operator.py for tasks to queue
[2023-07-05T13:44:36.102+0000] {logging_mixin.py:149} INFO - [2023-07-05T13:44:36.101+0000] {dagbag.py:541} INFO - Filling up the DagBag from /opt/airflow/dags/hello_operator.py
[2023-07-05T13:44:36.113+0000] {processor.py:836} INFO - DAG(s) dict_keys(['hello_operator_dag']) retrieved from /opt/airflow/dags/hello_operator.py
[2023-07-05T13:44:36.150+0000] {logging_mixin.py:149} INFO - [2023-07-05T13:44:36.150+0000] {dag.py:2726} INFO - Sync 1 DAGs
[2023-07-05T13:44:36.180+0000] {logging_mixin.py:149} INFO - [2023-07-05T13:44:36.179+0000] {dag.py:3490} INFO - Setting next_dagrun for hello_operator_dag to None, run_after=None
[2023-07-05T13:44:36.204+0000] {processor.py:179} INFO - Processing /opt/airflow/dags/hello_operator.py took 0.112 seconds
[2023-07-05T13:45:06.259+0000] {processor.py:157} INFO - Started process (PID=87) to work on /opt/airflow/dags/hello_operator.py
[2023-07-05T13:45:06.261+0000] {processor.py:826} INFO - Processing file /opt/airflow/dags/hello_operator.py for tasks to queue
[2023-07-05T13:45:06.264+0000] {logging_mixin.py:149} INFO - [2023-07-05T13:45:06.264+0000] {dagbag.py:541} INFO - Filling up the DagBag from /opt/airflow/dags/hello_operator.py
[2023-07-05T13:45:06.275+0000] {processor.py:836} INFO - DAG(s) dict_keys(['hello_operator_dag']) retrieved from /opt/airflow/dags/hello_operator.py
[2023-07-05T13:45:06.316+0000] {logging_mixin.py:149} INFO - [2023-07-05T13:45:06.315+0000] {dag.py:2726} INFO - Sync 1 DAGs
[2023-07-05T13:45:06.349+0000] {logging_mixin.py:149} INFO - [2023-07-05T13:45:06.349+0000] {dag.py:3490} INFO - Setting next_dagrun for hello_operator_dag to None, run_after=None
[2023-07-05T13:45:06.379+0000] {processor.py:179} INFO - Processing /opt/airflow/dags/hello_operator.py took 0.124 seconds
[2023-07-05T13:45:36.551+0000] {processor.py:157} INFO - Started process (PID=104) to work on /opt/airflow/dags/hello_operator.py
[2023-07-05T13:45:36.555+0000] {processor.py:826} INFO - Processing file /opt/airflow/dags/hello_operator.py for tasks to queue
[2023-07-05T13:45:36.561+0000] {logging_mixin.py:149} INFO - [2023-07-05T13:45:36.561+0000] {dagbag.py:541} INFO - Filling up the DagBag from /opt/airflow/dags/hello_operator.py
[2023-07-05T13:45:36.581+0000] {processor.py:836} INFO - DAG(s) dict_keys(['hello_operator_dag']) retrieved from /opt/airflow/dags/hello_operator.py
[2023-07-05T13:45:36.648+0000] {logging_mixin.py:149} INFO - [2023-07-05T13:45:36.648+0000] {dag.py:2726} INFO - Sync 1 DAGs
[2023-07-05T13:45:36.688+0000] {logging_mixin.py:149} INFO - [2023-07-05T13:45:36.688+0000] {dag.py:3490} INFO - Setting next_dagrun for hello_operator_dag to None, run_after=None
[2023-07-05T13:45:36.716+0000] {processor.py:179} INFO - Processing /opt/airflow/dags/hello_operator.py took 0.172 seconds
[2023-07-05T13:46:06.836+0000] {processor.py:157} INFO - Started process (PID=123) to work on /opt/airflow/dags/hello_operator.py
[2023-07-05T13:46:06.838+0000] {processor.py:826} INFO - Processing file /opt/airflow/dags/hello_operator.py for tasks to queue
[2023-07-05T13:46:06.841+0000] {logging_mixin.py:149} INFO - [2023-07-05T13:46:06.841+0000] {dagbag.py:541} INFO - Filling up the DagBag from /opt/airflow/dags/hello_operator.py
[2023-07-05T13:46:06.854+0000] {processor.py:836} INFO - DAG(s) dict_keys(['hello_operator_dag']) retrieved from /opt/airflow/dags/hello_operator.py
[2023-07-05T13:46:06.893+0000] {logging_mixin.py:149} INFO - [2023-07-05T13:46:06.893+0000] {dag.py:2726} INFO - Sync 1 DAGs
[2023-07-05T13:46:06.931+0000] {logging_mixin.py:149} INFO - [2023-07-05T13:46:06.930+0000] {dag.py:3490} INFO - Setting next_dagrun for hello_operator_dag to None, run_after=None
[2023-07-05T13:46:06.957+0000] {processor.py:179} INFO - Processing /opt/airflow/dags/hello_operator.py took 0.126 seconds
[2023-07-05T13:46:37.072+0000] {processor.py:157} INFO - Started process (PID=141) to work on /opt/airflow/dags/hello_operator.py
[2023-07-05T13:46:37.074+0000] {processor.py:826} INFO - Processing file /opt/airflow/dags/hello_operator.py for tasks to queue
[2023-07-05T13:46:37.077+0000] {logging_mixin.py:149} INFO - [2023-07-05T13:46:37.077+0000] {dagbag.py:541} INFO - Filling up the DagBag from /opt/airflow/dags/hello_operator.py
[2023-07-05T13:46:37.088+0000] {processor.py:836} INFO - DAG(s) dict_keys(['hello_operator_dag']) retrieved from /opt/airflow/dags/hello_operator.py
[2023-07-05T13:46:37.135+0000] {logging_mixin.py:149} INFO - [2023-07-05T13:46:37.135+0000] {dag.py:2726} INFO - Sync 1 DAGs
[2023-07-05T13:46:37.177+0000] {logging_mixin.py:149} INFO - [2023-07-05T13:46:37.176+0000] {dag.py:3490} INFO - Setting next_dagrun for hello_operator_dag to None, run_after=None
[2023-07-05T13:46:37.207+0000] {processor.py:179} INFO - Processing /opt/airflow/dags/hello_operator.py took 0.139 seconds
[2023-07-05T13:47:07.278+0000] {processor.py:157} INFO - Started process (PID=158) to work on /opt/airflow/dags/hello_operator.py
[2023-07-05T13:47:07.281+0000] {processor.py:826} INFO - Processing file /opt/airflow/dags/hello_operator.py for tasks to queue
[2023-07-05T13:47:07.285+0000] {logging_mixin.py:149} INFO - [2023-07-05T13:47:07.285+0000] {dagbag.py:541} INFO - Filling up the DagBag from /opt/airflow/dags/hello_operator.py
[2023-07-05T13:47:07.303+0000] {processor.py:836} INFO - DAG(s) dict_keys(['hello_operator_dag']) retrieved from /opt/airflow/dags/hello_operator.py
[2023-07-05T13:47:07.345+0000] {logging_mixin.py:149} INFO - [2023-07-05T13:47:07.344+0000] {dag.py:2726} INFO - Sync 1 DAGs
[2023-07-05T13:47:07.380+0000] {logging_mixin.py:149} INFO - [2023-07-05T13:47:07.379+0000] {dag.py:3490} INFO - Setting next_dagrun for hello_operator_dag to None, run_after=None
[2023-07-05T13:47:07.403+0000] {processor.py:179} INFO - Processing /opt/airflow/dags/hello_operator.py took 0.131 seconds
