[2023-07-05T13:43:33.428+0000] {manager.py:487} INFO - Processing files using up to 2 processes at a time 
[2023-07-05T13:43:33.430+0000] {manager.py:488} INFO - Process each file at most once every 30 seconds
[2023-07-05T13:43:33.434+0000] {manager.py:490} INFO - Checking for new files in /opt/airflow/dags every 300 seconds
[2023-07-05T13:43:33.436+0000] {manager.py:758} INFO - Searching for files in /opt/airflow/dags
[2023-07-05T13:43:33.512+0000] {manager.py:761} INFO - There are 10 files in /opt/airflow/dags
[2023-07-05T13:43:33.776+0000] {manager.py:889} INFO - 
================================================================================
DAG File Processing Stats

File Path                                                 PID  Runtime      # DAGs    # Errors  Last Runtime    Last Run
------------------------------------------------------  -----  ---------  --------  ----------  --------------  ----------
/opt/airflow/dags/exercise15.py                                                  0           0
/opt/airflow/dags/exercise16.py                                                  0           0
/opt/airflow/dags/exercise17.py                                                  0           0
/opt/airflow/dags/exercise18.py                                                  0           0
/opt/airflow/dags/hello.py                                                       0           0
/opt/airflow/dags/hello_operator.py                                              0           0
/opt/airflow/dags/hello_operator_with_relations_dag.py                           0           0
/opt/airflow/dags/hello_with_multiple_outputs_dag.py                             0           0
/opt/airflow/dags/hello_with_parameters_dag.py             32  0.10s             0           0
/opt/airflow/dags/hello_with_passing_data_dag.py           31  0.12s             0           0
================================================================================
[2023-07-05T13:44:04.262+0000] {manager.py:889} INFO - 
================================================================================
DAG File Processing Stats

File Path                                               PID    Runtime      # DAGs    # Errors  Last Runtime    Last Run
------------------------------------------------------  -----  ---------  --------  ----------  --------------  -------------------
/opt/airflow/dags/exercise15.py                                                  1           0  0.37s           2023-07-05T13:43:36
/opt/airflow/dags/exercise16.py                                                  1           0  0.43s           2023-07-05T13:43:36
/opt/airflow/dags/exercise17.py                                                  1           0  0.46s           2023-07-05T13:43:35
/opt/airflow/dags/exercise18.py                                                  1           0  0.39s           2023-07-05T13:43:35
/opt/airflow/dags/hello.py                                                       1           0  0.38s           2023-07-05T13:43:35
/opt/airflow/dags/hello_operator.py                                              1           0  0.41s           2023-07-05T13:43:35
/opt/airflow/dags/hello_operator_with_relations_dag.py                           1           0  0.57s           2023-07-05T13:43:34
/opt/airflow/dags/hello_with_multiple_outputs_dag.py                             1           0  0.42s           2023-07-05T13:43:34
/opt/airflow/dags/hello_with_parameters_dag.py                                   1           0  0.71s           2023-07-05T13:43:34
/opt/airflow/dags/hello_with_passing_data_dag.py                                 1           0  0.67s           2023-07-05T13:43:34
================================================================================
[2023-07-05T13:44:34.720+0000] {manager.py:889} INFO - 
================================================================================
DAG File Processing Stats

File Path                                                 PID  Runtime      # DAGs    # Errors  Last Runtime    Last Run
------------------------------------------------------  -----  ---------  --------  ----------  --------------  -------------------
/opt/airflow/dags/exercise15.py                                                  1           0  0.17s           2023-07-05T13:44:06
/opt/airflow/dags/exercise16.py                                                  1           0  0.17s           2023-07-05T13:44:06
/opt/airflow/dags/exercise17.py                                                  1           0  0.17s           2023-07-05T13:44:06
/opt/airflow/dags/exercise18.py                                                  1           0  0.15s           2023-07-05T13:44:06
/opt/airflow/dags/hello.py                                                       1           0  0.17s           2023-07-05T13:44:05
/opt/airflow/dags/hello_operator.py                                              1           0  0.17s           2023-07-05T13:44:05
/opt/airflow/dags/hello_operator_with_relations_dag.py                           1           0  0.13s           2023-07-05T13:44:05
/opt/airflow/dags/hello_with_multiple_outputs_dag.py                             1           0  0.16s           2023-07-05T13:44:05
/opt/airflow/dags/hello_with_parameters_dag.py             67  0.00s             1           0  0.14s           2023-07-05T13:44:04
/opt/airflow/dags/hello_with_passing_data_dag.py           66  0.02s             1           0  0.15s           2023-07-05T13:44:04
================================================================================
[2023-07-05T13:45:04.927+0000] {manager.py:889} INFO - 
================================================================================
DAG File Processing Stats

File Path                                                 PID  Runtime      # DAGs    # Errors  Last Runtime    Last Run
------------------------------------------------------  -----  ---------  --------  ----------  --------------  -------------------
/opt/airflow/dags/exercise15.py                                                  1           0  0.15s           2023-07-05T13:44:36
/opt/airflow/dags/exercise16.py                                                  1           0  0.15s           2023-07-05T13:44:36
/opt/airflow/dags/exercise17.py                                                  1           0  0.15s           2023-07-05T13:44:36
/opt/airflow/dags/exercise18.py                                                  1           0  0.14s           2023-07-05T13:44:36
/opt/airflow/dags/hello.py                                                       1           0  0.14s           2023-07-05T13:44:36
/opt/airflow/dags/hello_operator.py                                              1           0  0.13s           2023-07-05T13:44:36
/opt/airflow/dags/hello_operator_with_relations_dag.py                           1           0  0.14s           2023-07-05T13:44:36
/opt/airflow/dags/hello_with_multiple_outputs_dag.py                             1           0  0.15s           2023-07-05T13:44:36
/opt/airflow/dags/hello_with_parameters_dag.py                                   1           0  0.21s           2023-07-05T13:44:34
/opt/airflow/dags/hello_with_passing_data_dag.py           83  0.01s             1           0  0.21s           2023-07-05T13:44:34
================================================================================
[2023-07-05T13:45:35.204+0000] {manager.py:889} INFO - 
================================================================================
DAG File Processing Stats

File Path                                                 PID  Runtime      # DAGs    # Errors  Last Runtime    Last Run
------------------------------------------------------  -----  ---------  --------  ----------  --------------  -------------------
/opt/airflow/dags/exercise15.py                                                  1           0  0.14s           2023-07-05T13:45:06
/opt/airflow/dags/exercise16.py                                                  1           0  0.15s           2023-07-05T13:45:06
/opt/airflow/dags/exercise17.py                                                  1           0  0.17s           2023-07-05T13:45:06
/opt/airflow/dags/exercise18.py                                                  1           0  0.15s           2023-07-05T13:45:06
/opt/airflow/dags/hello.py                                                       1           0  0.13s           2023-07-05T13:45:06
/opt/airflow/dags/hello_operator.py                                              1           0  0.15s           2023-07-05T13:45:06
/opt/airflow/dags/hello_operator_with_relations_dag.py                           1           0  0.14s           2023-07-05T13:45:06
/opt/airflow/dags/hello_with_multiple_outputs_dag.py                             1           0  0.16s           2023-07-05T13:45:06
/opt/airflow/dags/hello_with_parameters_dag.py            101  0.01s             1           0  0.13s           2023-07-05T13:45:05
/opt/airflow/dags/hello_with_passing_data_dag.py          100  0.02s             1           0  0.14s           2023-07-05T13:45:05
================================================================================
[2023-07-05T13:46:05.292+0000] {manager.py:889} INFO - 
================================================================================
DAG File Processing Stats

File Path                                               PID    Runtime      # DAGs    # Errors  Last Runtime    Last Run
------------------------------------------------------  -----  ---------  --------  ----------  --------------  -------------------
/opt/airflow/dags/exercise15.py                                                  1           0  0.16s           2023-07-05T13:45:37
/opt/airflow/dags/exercise16.py                                                  1           0  0.17s           2023-07-05T13:45:37
/opt/airflow/dags/exercise17.py                                                  1           0  0.20s           2023-07-05T13:45:37
/opt/airflow/dags/exercise18.py                                                  1           0  0.16s           2023-07-05T13:45:36
/opt/airflow/dags/hello.py                                                       1           0  0.18s           2023-07-05T13:45:36
/opt/airflow/dags/hello_operator.py                                              1           0  0.20s           2023-07-05T13:45:36
/opt/airflow/dags/hello_operator_with_relations_dag.py                           1           0  0.23s           2023-07-05T13:45:36
/opt/airflow/dags/hello_with_multiple_outputs_dag.py                             1           0  0.18s           2023-07-05T13:45:36
/opt/airflow/dags/hello_with_parameters_dag.py                                   1           0  0.15s           2023-07-05T13:45:35
/opt/airflow/dags/hello_with_passing_data_dag.py                                 1           0  0.14s           2023-07-05T13:45:35
================================================================================
[2023-07-05T13:46:35.711+0000] {manager.py:889} INFO - 
================================================================================
DAG File Processing Stats

File Path                                                 PID  Runtime      # DAGs    # Errors  Last Runtime    Last Run
------------------------------------------------------  -----  ---------  --------  ----------  --------------  -------------------
/opt/airflow/dags/exercise15.py                                                  1           0  0.13s           2023-07-05T13:46:07
/opt/airflow/dags/exercise16.py                                                  1           0  0.15s           2023-07-05T13:46:07
/opt/airflow/dags/exercise17.py                                                  1           0  0.18s           2023-07-05T13:46:07
/opt/airflow/dags/exercise18.py                                                  1           0  0.17s           2023-07-05T13:46:07
/opt/airflow/dags/hello.py                                                       1           0  0.13s           2023-07-05T13:46:07
/opt/airflow/dags/hello_operator.py                                              1           0  0.15s           2023-07-05T13:46:06
/opt/airflow/dags/hello_operator_with_relations_dag.py                           1           0  0.16s           2023-07-05T13:46:06
/opt/airflow/dags/hello_with_multiple_outputs_dag.py                             1           0  0.18s           2023-07-05T13:46:06
/opt/airflow/dags/hello_with_parameters_dag.py            138  0.01s             1           0  0.15s           2023-07-05T13:46:05
/opt/airflow/dags/hello_with_passing_data_dag.py          137  0.02s             1           0  0.15s           2023-07-05T13:46:05
================================================================================
[2023-07-05T13:47:05.923+0000] {manager.py:889} INFO - 
================================================================================
DAG File Processing Stats

File Path                                                 PID  Runtime      # DAGs    # Errors  Last Runtime    Last Run
------------------------------------------------------  -----  ---------  --------  ----------  --------------  -------------------
/opt/airflow/dags/exercise15.py                                                  1           0  0.14s           2023-07-05T13:46:37
/opt/airflow/dags/exercise16.py                                                  1           0  0.13s           2023-07-05T13:46:37
/opt/airflow/dags/exercise17.py                                                  1           0  0.16s           2023-07-05T13:46:37
/opt/airflow/dags/exercise18.py                                                  1           0  0.15s           2023-07-05T13:46:37
/opt/airflow/dags/hello.py                                                       1           0  0.13s           2023-07-05T13:46:37
/opt/airflow/dags/hello_operator.py                                              1           0  0.16s           2023-07-05T13:46:37
/opt/airflow/dags/hello_operator_with_relations_dag.py                           1           0  0.15s           2023-07-05T13:46:37
/opt/airflow/dags/hello_with_multiple_outputs_dag.py                             1           0  0.18s           2023-07-05T13:46:37
/opt/airflow/dags/hello_with_parameters_dag.py            155  0.00s             1           0  0.16s           2023-07-05T13:46:35
/opt/airflow/dags/hello_with_passing_data_dag.py          154  0.01s             1           0  0.17s           2023-07-05T13:46:35
================================================================================
